---
recorded_at: 2026-03-12T18:17:21.945391288-07:00
command: cargo test --all-targets --all-features
---

running 33 tests
test audio::tests::audio_summary_rejects_invalid_waveform_and_spectrogram_layout ... ok
test audio::tests::audio_summary_validates_waveform_and_spectrogram_metadata ... ok
test cli::tests::cli_reports_usage_for_invalid_arguments ... ok
test frame::tests::decode_still_image_rejects_non_static_media_kinds ... ok
test frame::tests::visual_frame_validates_pixel_count_and_exposes_pixels ... ok
test media::tests::media_kind_exposes_timed_visual_classification ... ok
test cli::tests::cli_renders_fixture_via_shared_direct_braille_path ... ok
test media::tests::probe_path_classifies_initial_media_families ... ok
test cli::tests::cli_renders_fixture_without_flags_in_captured_session ... ok
test cli::tests::cli_renders_timed_fixture_without_flags_in_captured_session ... ok
test media::tests::probe_path_collects_gif_timing_when_file_exists ... ok
test media::tests::probe_result_can_capture_partial_media_metadata ... ok
test media::tests::probe_result_defaults_to_unknown ... ok
test render::tests::render_intent_defaults_to_braille ... ok
test cli::tests::cli_renders_timed_fixture_via_shared_contact_sheet_path ... ok
test media::tests::probe_path_collects_wav_audio_metadata_when_file_exists ... ok
test render::tests::render_planning_falls_back_conservatively_for_captured_video ... ok
test render::tests::render_planning_prefers_braille_for_interactive_images ... ok
test frame::tests::decode_still_image_supports_initial_static_image_families ... ok
test render::tests::render_planning_prefers_contact_sheet_for_interactive_timed_media ... ok
test sequence::tests::decode_timed_sequence_rejects_video_until_backend_exists ... ok
test sequence::tests::timed_visual_sequence_rejects_invalid_sample_layout ... ok
test sequence::tests::timed_visual_sequence_rejects_non_timed_kinds ... ok
test sequence::tests::timed_visual_sequence_validates_samples_and_exposes_metadata ... ok
test still_image::tests::ascii_renderer_is_used_when_shared_planning_degrades_image_output ... ok
test sequence::tests::timed_summary_routes_through_shared_still_image_renderer ... ok
test still_image::tests::braille_renderer_renders_a_full_cell_via_txtplot ... ok
test still_image::tests::still_image_renderer_rejects_non_single_frame_modes ... ok
test terminal::tests::detect_terminal_profile_handles_local_truecolor_interactive_sessions ... ok
test terminal::tests::detect_terminal_profile_handles_tmux_ssh_and_low_capability_sessions ... ok
test terminal::tests::terminal_profile_can_be_constructed_without_live_terminal_access ... ok
test sequence::tests::decode_timed_sequence_extracts_bounded_gif_samples ... ok
test terminal::tests::terminal_profile_defaults_to_interactive_session ... ok

test result: ok. 33 passed; 0 failed; 0 ignored; 0 measured; 0 filtered out; finished in 0.00s


running 0 tests

test result: ok. 0 passed; 0 failed; 0 ignored; 0 measured; 0 filtered out; finished in 0.00s


--- stderr ---
    Blocking waiting for file lock on package cache
    Blocking waiting for file lock on package cache
    Blocking waiting for file lock on package cache
    Finished `test` profile [unoptimized + debuginfo] target(s) in 0.05s
     Running unittests src/lib.rs (/home/alex/.cache/cargo-target/atext/debug/deps/atext-b1e3619936aa4b32)
     Running unittests src/main.rs (/home/alex/.cache/cargo-target/atext/debug/deps/atext-5a13934358d0e15d)
