---
recorded_at: 2026-03-12T07:47:20.170401889-07:00
command: cargo test
---

running 10 tests
test media::tests::probe_path_classifies_initial_media_families ... ok
test media::tests::probe_result_can_capture_partial_media_metadata ... ok
test media::tests::probe_result_defaults_to_unknown ... ok
test render::tests::render_intent_defaults_to_braille ... ok
test render::tests::render_planning_falls_back_conservatively_for_captured_video ... ok
test render::tests::render_planning_prefers_braille_for_interactive_images ... ok
test terminal::tests::detect_terminal_profile_handles_local_truecolor_interactive_sessions ... ok
test terminal::tests::detect_terminal_profile_handles_tmux_ssh_and_low_capability_sessions ... ok
test terminal::tests::terminal_profile_can_be_constructed_without_live_terminal_access ... ok
test terminal::tests::terminal_profile_defaults_to_interactive_session ... ok

test result: ok. 10 passed; 0 failed; 0 ignored; 0 measured; 0 filtered out; finished in 0.00s


running 0 tests

test result: ok. 0 passed; 0 failed; 0 ignored; 0 measured; 0 filtered out; finished in 0.00s


--- stderr ---
    Finished `test` profile [unoptimized + debuginfo] target(s) in 0.01s
     Running unittests src/lib.rs (/home/alex/.cache/cargo-target/atext/debug/deps/atext-6cd4476d48cf635c)
   Doc-tests atext
